<?xml version="1.0" encoding="UTF-8"?>
<testsuite name="CaesarCipherTest" tests="1" skipped="0" failures="0" errors="0" timestamp="2020-10-10T20:05:09" hostname="moringa-ThinkPad-T450" time="0.001">
  <properties/>
  <testcase name="instantiates_correctly_with_subjectText" classname="CaesarCipherTest" time="0.001"/>
  <system-out><![CDATA[]]></system-out>
  <system-err><![CDATA[]]></system-err>
</testsuite>
